Using pre-set license
Built from '6000.0/respin/6000.0.59f1-063c55f2fd0f' branch; Version is '6000.0.59f2 (ef281c76c3c1) revision 15673372'; Using compiler version '193933523'; Build Type 'Release'
OS: 'Windows 11  (10.0.26200) 64bit ProfessionalN' Language: 'en' Physical Memory: 14188 MB
BatchMode: 1, IsHumanControllingUs: 0, StartBugReporterOnCrash: 0, Is64bit: 1
Date: 2026-01-22T21:13:52Z

COMMAND LINE ARGUMENTS:
C:\Program Files\Unity\Hub\Editor\6000.0.59f2\Editor\Unity.exe
-adb2
-batchMode
-noUpm
-name
AssetImportWorker11
-projectPath
C:/GIT/KeikoGames/Treasure Hunt Mini-Game
-logFile
Logs/AssetImportWorker11.log
-srvPort
3335
-job-worker-count
7
-background-job-worker-count
8
-gc-helper-count
1
-name
AssetImport
Successfully changed project path to: C:/GIT/KeikoGames/Treasure Hunt Mini-Game
C:/GIT/KeikoGames/Treasure Hunt Mini-Game
[UnityMemory] Configuration Parameters - Can be set up in boot.config
    "memorysetup-bucket-allocator-granularity=16"
    "memorysetup-bucket-allocator-bucket-count=8"
    "memorysetup-bucket-allocator-block-size=33554432"
    "memorysetup-bucket-allocator-block-count=8"
    "memorysetup-main-allocator-block-size=16777216"
    "memorysetup-thread-allocator-block-size=16777216"
    "memorysetup-gfx-main-allocator-block-size=16777216"
    "memorysetup-gfx-thread-allocator-block-size=16777216"
    "memorysetup-cache-allocator-block-size=4194304"
    "memorysetup-typetree-allocator-block-size=2097152"
    "memorysetup-profiler-bucket-allocator-granularity=16"
    "memorysetup-profiler-bucket-allocator-bucket-count=8"
    "memorysetup-profiler-bucket-allocator-block-size=33554432"
    "memorysetup-profiler-bucket-allocator-block-count=8"
    "memorysetup-profiler-allocator-block-size=16777216"
    "memorysetup-profiler-editor-allocator-block-size=1048576"
    "memorysetup-temp-allocator-size-main=16777216"
    "memorysetup-job-temp-allocator-block-size=2097152"
    "memorysetup-job-temp-allocator-block-size-background=1048576"
    "memorysetup-job-temp-allocator-reduction-small-platforms=262144"
    "memorysetup-allocator-temp-initial-block-size-main=262144"
    "memorysetup-allocator-temp-initial-block-size-worker=262144"
    "memorysetup-temp-allocator-size-background-worker=32768"
    "memorysetup-temp-allocator-size-job-worker=262144"
    "memorysetup-temp-allocator-size-preload-manager=33554432"
    "memorysetup-temp-allocator-size-nav-mesh-worker=65536"
    "memorysetup-temp-allocator-size-audio-worker=65536"
    "memorysetup-temp-allocator-size-cloud-worker=32768"
    "memorysetup-temp-allocator-size-gi-baking-worker=262144"
    "memorysetup-temp-allocator-size-gi-baking-worker=262144"
    "memorysetup-temp-allocator-size-gi-baking-worker=262144"
    "memorysetup-temp-allocator-size-gi-baking-worker=262144"
    "memorysetup-temp-allocator-size-gi-baking-worker=262144"
    "memorysetup-temp-allocator-size-gfx=262144"
Player connection [41460]  Target information:

Player connection [41460]  * "[IP] 192.168.1.4 [Port] 0 [Flags] 2 [Guid] 1906487355 [EditorId] 1906487355 [Version] 1048832 [Id] WindowsEditor(7,DESKTOP-B5U047R) [Debug] 1 [PackageName] WindowsEditor [ProjectName] Editor" 

Player connection [41460] Host joined multi-casting on [225.0.0.222:54997]...
Player connection [41460] Host joined alternative multi-casting on [225.0.0.222:34997]...
JobSystem: Creating JobQueue using job-worker-count value 7
Input System module state changed to: Initialized.
[Physics::Module] Initialized fallback backend.
[Physics::Module] Id: 0xdecafbad
Library Redirect Path: Library/
[Physics::Module] Selected backend.
[Physics::Module] Name: PhysX
[Physics::Module] Id: 0xf2b8ea05
[Physics::Module] SDK Version: 4.1.2
[Physics::Module] Integration Version: 1.0.0
[Physics::Module] Threading Mode: Multi-Threaded
Refreshing native plugins compatible for Editor in 663.35 ms, found 4 plugins.
Preloading 0 native plugins for Editor in 0.00 ms.
Initialize engine version: 6000.0.59f2 (ef281c76c3c1)
[Subsystems] Discovering subsystems at path C:/Program Files/Unity/Hub/Editor/6000.0.59f2/Editor/Data/Resources/UnitySubsystems
[Subsystems] Discovering subsystems at path C:/GIT/KeikoGames/Treasure Hunt Mini-Game/Assets
GfxDevice: creating device client; kGfxThreadingModeNonThreaded
Direct3D:
    Version:  Direct3D 11.0 [level 11.1]
    Renderer: NVIDIA GeForce RTX 3060 Laptop GPU (ID=0x2560)
    Vendor:   NVIDIA
    VRAM:     5996 MB
    Driver:   32.0.15.7700
Initialize mono
Mono path[0] = 'C:/Program Files/Unity/Hub/Editor/6000.0.59f2/Editor/Data/Managed'
Mono path[1] = 'C:/Program Files/Unity/Hub/Editor/6000.0.59f2/Editor/Data/MonoBleedingEdge/lib/mono/unityjit-win32'
Mono config path = 'C:/Program Files/Unity/Hub/Editor/6000.0.59f2/Editor/Data/MonoBleedingEdge/etc'
Using monoOptions --debugger-agent=transport=dt_socket,embedding=1,server=y,suspend=n,address=127.0.0.1:56156
Begin MonoManager ReloadAssembly
Registering precompiled unity dll's ...
Register platform support module: C:/Program Files/Unity/Hub/Editor/6000.0.59f2/Editor/Data/PlaybackEngines/WindowsStandaloneSupport/UnityEditor.WindowsStandalone.Extensions.dll
Register platform support module: C:/Program Files/Unity/Hub/Editor/6000.0.59f2/Editor/Data/PlaybackEngines/AndroidPlayer/UnityEditor.Android.Extensions.dll
Registered in 0.005843 seconds.
- Loaded All Assemblies, in  0.694 seconds
Native extension for Android target not found
Android Extension - Scanning For ADB Devices 1235 ms
Native extension for WindowsStandalone target not found
Mono: successfully reloaded assembly
- Finished resetting the current domain, in  1.732 seconds
Domain Reload Profiling: 2422ms
	BeginReloadAssembly (333ms)
		ExecutionOrderSort (0ms)
		DisableScriptedObjects (0ms)
		BackupInstance (0ms)
		ReleaseScriptingObjects (0ms)
		CreateAndSetChildDomain (3ms)
	RebuildCommonClasses (61ms)
	RebuildNativeTypeToScriptingClass (14ms)
	initialDomainReloadingComplete (69ms)
	LoadAllAssembliesAndSetupDomain (212ms)
		LoadAssemblies (325ms)
		RebuildTransferFunctionScriptingTraits (0ms)
		AnalyzeDomain (206ms)
			TypeCache.Refresh (204ms)
				TypeCache.ScanAssembly (188ms)
			BuildScriptInfoCaches (0ms)
			ResolveRequiredComponents (1ms)
	FinalizeReload (1733ms)
		ReleaseScriptCaches (0ms)
		RebuildScriptCaches (0ms)
		SetupLoadedEditorAssemblies (1678ms)
			LogAssemblyErrors (0ms)
			InitializePlatformSupportModulesInManaged (1364ms)
			SetLoadedEditorAssemblies (5ms)
			BeforeProcessingInitializeOnLoad (66ms)
			ProcessInitializeOnLoadAttributes (160ms)
			ProcessInitializeOnLoadMethodAttributes (84ms)
			AfterProcessingInitializeOnLoad (0ms)
			EditorAssembliesLoaded (0ms)
		ExecutionOrderSort2 (0ms)
		AwakeInstancesAfterBackupRestoration (0ms)
========================================================================
Worker process is ready to serve import requests
Import Worker Mode flag is 0x00
Begin MonoManager ReloadAssembly
Symbol file LoadedFromMemory is not a mono symbol file
- Loaded All Assemblies, in  1.556 seconds
Refreshing native plugins compatible for Editor in 1.99 ms, found 4 plugins.
Native extension for Android target not found
Native extension for WindowsStandalone target not found
Package Manager log level set to [2]
[Package Manager] Failed to launch server process. Reason: Unity was launched with the -noUpm command-line argument
[Package Manager] Unable to send message (not connected to server process).
[Package Manager] Cannot connect to Unity Package Manager local server
Mono: successfully reloaded assembly
- Finished resetting the current domain, in  0.819 seconds
Domain Reload Profiling: 2366ms
	BeginReloadAssembly (469ms)
		ExecutionOrderSort (0ms)
		DisableScriptedObjects (8ms)
		BackupInstance (0ms)
		ReleaseScriptingObjects (0ms)
		CreateAndSetChildDomain (44ms)
	RebuildCommonClasses (42ms)
	RebuildNativeTypeToScriptingClass (12ms)
	initialDomainReloadingComplete (48ms)
	LoadAllAssembliesAndSetupDomain (975ms)
		LoadAssemblies (1059ms)
		RebuildTransferFunctionScriptingTraits (0ms)
		AnalyzeDomain (282ms)
			TypeCache.Refresh (223ms)
				TypeCache.ScanAssembly (205ms)
			BuildScriptInfoCaches (49ms)
			ResolveRequiredComponents (7ms)
	FinalizeReload (819ms)
		ReleaseScriptCaches (0ms)
		RebuildScriptCaches (0ms)
		SetupLoadedEditorAssemblies (692ms)
			LogAssemblyErrors (0ms)
			InitializePlatformSupportModulesInManaged (13ms)
			SetLoadedEditorAssemblies (8ms)
			BeforeProcessingInitializeOnLoad (199ms)
			ProcessInitializeOnLoadAttributes (410ms)
			ProcessInitializeOnLoadMethodAttributes (55ms)
			AfterProcessingInitializeOnLoad (8ms)
			EditorAssembliesLoaded (0ms)
		ExecutionOrderSort2 (0ms)
		AwakeInstancesAfterBackupRestoration (6ms)
Launched and connected shader compiler UnityShaderCompiler.exe after 0.02 seconds
Refreshing native plugins compatible for Editor in 2.88 ms, found 4 plugins.
Preloading 0 native plugins for Editor in 0.00 ms.
Unloading 6 Unused Serialized files (Serialized files now loaded: 0)
Unloading 5529 unused Assets / (2.4 MB). Loaded Objects now: 6024.
Memory consumption went from 104.3 MB to 101.9 MB.
Total: 10.448700 ms (FindLiveObjects: 0.647000 ms CreateObjectMapping: 1.012600 ms MarkObjects: 6.180300 ms  DeleteObjects: 2.608000 ms)

========================================================================
Received Import Request.
  Time since last request: 97553.989914 seconds.
  path: Assets/Scripts/Mvc/SliderAnimation/AnimatedSliderView.cs
  artifactKey: Guid(6ad031e65ff15074d8e9f8e968b87a5b) Importer(2089858483,192608db42251d675da83286b1cce702)
Start importing Assets/Scripts/Mvc/SliderAnimation/AnimatedSliderView.cs using Guid(6ad031e65ff15074d8e9f8e968b87a5b) Importer(2089858483,192608db42251d675da83286b1cce702) (ScriptedImporter) -> (artifact id: '477fd0829dc297c6fb7aa24f7179c756') in 0.1114695 seconds
Number of updated asset objects reloaded before import = 0Number of asset objects unloaded after import = 0

========================================================================
Received Import Request.
  Time since last request: 0.000024 seconds.
  path: Assets/Plugins/QFSW/Quantum Console/Source/Fonts/OfficeCodePro-MediumItalic.ttf
  artifactKey: Guid(999b9956011029e489cf8670db0e3da1) Importer(2089858483,192608db42251d675da83286b1cce702)
Start importing Assets/Plugins/QFSW/Quantum Console/Source/Fonts/OfficeCodePro-MediumItalic.ttf using Guid(999b9956011029e489cf8670db0e3da1) Importer(2089858483,192608db42251d675da83286b1cce702) (ScriptedImporter) -> (artifact id: 'f16f4f59a11cfd38bc6aea482e649c61') in 0.0677745 seconds
Number of updated asset objects reloaded before import = 0Number of asset objects unloaded after import = 3

========================================================================
Received Import Request.
  Time since last request: 0.000033 seconds.
  path: Assets/Plugins/QFSW/Quantum Console/Source/Demo Scene/Animations/RobotSpawn.anim
  artifactKey: Guid(e0cdbf2bd85184df4876857725a99162) Importer(2089858483,192608db42251d675da83286b1cce702)
Start importing Assets/Plugins/QFSW/Quantum Console/Source/Demo Scene/Animations/RobotSpawn.anim using Guid(e0cdbf2bd85184df4876857725a99162) Importer(2089858483,192608db42251d675da83286b1cce702) (ScriptedImporter) -> (artifact id: 'f06dc93dae9779315853494162b9adfe') in 0.0296716 seconds
Number of updated asset objects reloaded before import = 0Number of asset objects unloaded after import = 1

========================================================================
Received Import Request.
  Time since last request: 0.000025 seconds.
  path: Assets/Plugins/QFSW/Quantum Console/Source/Scripts/Parsing/Grammar/Binary Operators/BinaryOperatorGrammar.cs
  artifactKey: Guid(f3a6802829bc65049b2c671ce148f547) Importer(2089858483,192608db42251d675da83286b1cce702)
Start importing Assets/Plugins/QFSW/Quantum Console/Source/Scripts/Parsing/Grammar/Binary Operators/BinaryOperatorGrammar.cs using Guid(f3a6802829bc65049b2c671ce148f547) Importer(2089858483,192608db42251d675da83286b1cce702) (ScriptedImporter) -> (artifact id: '4c37aafee44ff094257673ff12d4bbb5') in 0.0182408 seconds
Number of updated asset objects reloaded before import = 0Number of asset objects unloaded after import = 0

========================================================================
Received Import Request.
  Time since last request: 0.000066 seconds.
  path: Assets/Plugins/QFSW/Quantum Console/Source/Scripts/Parsing/GenericCachedQcParser.cs
  artifactKey: Guid(45c1313ec062d864794a8fb903f0217e) Importer(2089858483,192608db42251d675da83286b1cce702)
Start importing Assets/Plugins/QFSW/Quantum Console/Source/Scripts/Parsing/GenericCachedQcParser.cs using Guid(45c1313ec062d864794a8fb903f0217e) Importer(2089858483,192608db42251d675da83286b1cce702) (ScriptedImporter) -> (artifact id: '6aec13da68021e191bf98cd47ff04e96') in 0.0188472 seconds
Number of updated asset objects reloaded before import = 0Number of asset objects unloaded after import = 0

========================================================================
Received Import Request.
  Time since last request: 0.000068 seconds.
  path: Assets/Plugins/QFSW/Quantum Console/Source/Scripts/Utilities/ColorExtensions.cs
  artifactKey: Guid(5551e6df9beb04cd08039b2d8912821a) Importer(2089858483,192608db42251d675da83286b1cce702)
Start importing Assets/Plugins/QFSW/Quantum Console/Source/Scripts/Utilities/ColorExtensions.cs using Guid(5551e6df9beb04cd08039b2d8912821a) Importer(2089858483,192608db42251d675da83286b1cce702) (ScriptedImporter) -> (artifact id: 'd55c7a648757e7663ec9908b0afe9970') in 0.0201956 seconds
Number of updated asset objects reloaded before import = 0Number of asset objects unloaded after import = 0

========================================================================
Received Import Request.
  Time since last request: 0.000080 seconds.
  path: Assets/Plugins/QFSW/Quantum Console/Source/Scripts/UI/DraggableUI.cs
  artifactKey: Guid(dddf2c665e079af45893ab7b0269d255) Importer(2089858483,192608db42251d675da83286b1cce702)
Start importing Assets/Plugins/QFSW/Quantum Console/Source/Scripts/UI/DraggableUI.cs using Guid(dddf2c665e079af45893ab7b0269d255) Importer(2089858483,192608db42251d675da83286b1cce702) (ScriptedImporter) -> (artifact id: '4deaa35311c52efbd115ce302a65a003') in 0.01884 seconds
Number of updated asset objects reloaded before import = 0Number of asset objects unloaded after import = 0

========================================================================
Received Import Request.
  Time since last request: 0.000092 seconds.
  path: Assets/Plugins/QFSW/Quantum Console/Source/Scripts/Parsing/Grammar/Binary Operators/MultiplyOperatorGrammar.cs
  artifactKey: Guid(00dd2e1128bbc2b4db7fc3c2c1e840e7) Importer(2089858483,192608db42251d675da83286b1cce702)
Start importing Assets/Plugins/QFSW/Quantum Console/Source/Scripts/Parsing/Grammar/Binary Operators/MultiplyOperatorGrammar.cs using Guid(00dd2e1128bbc2b4db7fc3c2c1e840e7) Importer(2089858483,192608db42251d675da83286b1cce702) (ScriptedImporter) -> (artifact id: 'aa5fcc62db39e80340e351c7bbdac4a8') in 0.0207182 seconds
Number of updated asset objects reloaded before import = 0Number of asset objects unloaded after import = 0

========================================================================
Received Import Request.
  Time since last request: 0.000075 seconds.
  path: Assets/Plugins/QFSW/Quantum Console/Source/Demo Scene/Textures/Tile#1.png
  artifactKey: Guid(8cc6f758dd676460aac0a91f8280a09d) Importer(2089858483,192608db42251d675da83286b1cce702)
Start importing Assets/Plugins/QFSW/Quantum Console/Source/Demo Scene/Textures/Tile#1.png using Guid(8cc6f758dd676460aac0a91f8280a09d) Importer(2089858483,192608db42251d675da83286b1cce702) (ScriptedImporter) -> (artifact id: 'de783de9ace8c36dcef203b36a181d7a') in 0.0860783 seconds
Number of updated asset objects reloaded before import = 0Number of asset objects unloaded after import = 3

========================================================================
Received Import Request.
  Time since last request: 0.000028 seconds.
  path: Assets/Plugins/QFSW/Quantum Console/Source/readme.pdf
  artifactKey: Guid(ed61ebfbaaf591f40a51900ce1a5c898) Importer(2089858483,192608db42251d675da83286b1cce702)
Start importing Assets/Plugins/QFSW/Quantum Console/Source/readme.pdf using Guid(ed61ebfbaaf591f40a51900ce1a5c898) Importer(2089858483,192608db42251d675da83286b1cce702) (ScriptedImporter) -> (artifact id: '1ec84f28d4a342be35793422cfae4800') in 0.0166769 seconds
Number of updated asset objects reloaded before import = 0Number of asset objects unloaded after import = 1

========================================================================
Received Import Request.
  Time since last request: 0.000053 seconds.
  path: Assets/Plugins/QFSW/Quantum Console/Source/Scripts/Serialization/GenericQcSerializer.cs
  artifactKey: Guid(a7640a2497d7d04489df10e2a4d1c7ad) Importer(2089858483,192608db42251d675da83286b1cce702)
Start importing Assets/Plugins/QFSW/Quantum Console/Source/Scripts/Serialization/GenericQcSerializer.cs using Guid(a7640a2497d7d04489df10e2a4d1c7ad) Importer(2089858483,192608db42251d675da83286b1cce702) (ScriptedImporter) -> (artifact id: '94690d5362a8766d2f41f993a16167c2') in 0.0190245 seconds
Number of updated asset objects reloaded before import = 0Number of asset objects unloaded after import = 0

========================================================================
Received Import Request.
  Time since last request: 0.000067 seconds.
  path: Assets/Scripts/Mvc/ChestOpenLoading/LoadingScreenController.cs
  artifactKey: Guid(9ba7469f2984c294b9245b6d7de04ae8) Importer(2089858483,192608db42251d675da83286b1cce702)
Start importing Assets/Scripts/Mvc/ChestOpenLoading/LoadingScreenController.cs using Guid(9ba7469f2984c294b9245b6d7de04ae8) Importer(2089858483,192608db42251d675da83286b1cce702) (ScriptedImporter) -> (artifact id: '3355989643c2706d882479bea186ce8f') in 0.0173165 seconds
Number of updated asset objects reloaded before import = 0Number of asset objects unloaded after import = 0

========================================================================
Received Import Request.
  Time since last request: 0.000049 seconds.
  path: Assets/Plugins/QFSW/Quantum Console/Source/Fonts/OfficeCodePro-Bold.ttf
  artifactKey: Guid(d0fb8e3996ea8e7419e719f298606d45) Importer(2089858483,192608db42251d675da83286b1cce702)
Start importing Assets/Plugins/QFSW/Quantum Console/Source/Fonts/OfficeCodePro-Bold.ttf using Guid(d0fb8e3996ea8e7419e719f298606d45) Importer(2089858483,192608db42251d675da83286b1cce702) (ScriptedImporter) -> (artifact id: 'b14cacbd40a1969883eed5b67022ac81') in 0.0384749 seconds
Number of updated asset objects reloaded before import = 0Number of asset objects unloaded after import = 3

========================================================================
Received Import Request.
  Time since last request: 0.025424 seconds.
  path: Assets/Plugins/QFSW/Quantum Console/Source/Scripts/Logging/ILog.cs
  artifactKey: Guid(e5def4ecf09b4133b054e98f9afcc5c8) Importer(2089858483,192608db42251d675da83286b1cce702)
Start importing Assets/Plugins/QFSW/Quantum Console/Source/Scripts/Logging/ILog.cs using Guid(e5def4ecf09b4133b054e98f9afcc5c8) Importer(2089858483,192608db42251d675da83286b1cce702) (ScriptedImporter) -> (artifact id: 'ad719d5005ce9887692c57fa0ecb5f31') in 0.017084 seconds
Number of updated asset objects reloaded before import = 0Number of asset objects unloaded after import = 0

========================================================================
Received Import Request.
  Time since last request: 0.000055 seconds.
  path: Assets/Plugins/QFSW/Quantum Console/Source/Textures/UIBevel.png
  artifactKey: Guid(b765d10f7f039904ebfb9e4db1f949b0) Importer(2089858483,192608db42251d675da83286b1cce702)
Start importing Assets/Plugins/QFSW/Quantum Console/Source/Textures/UIBevel.png using Guid(b765d10f7f039904ebfb9e4db1f949b0) Importer(2089858483,192608db42251d675da83286b1cce702) (ScriptedImporter) -> (artifact id: 'c7bce7f50671793d7b8fab669c59a47e') in 0.032891 seconds
Number of updated asset objects reloaded before import = 0Number of asset objects unloaded after import = 3

========================================================================
Received Import Request.
  Time since last request: 0.000027 seconds.
  path: Assets/Plugins/QFSW/Quantum Console/Source/Extras/exec/DynamicCodeCommands.cs
  artifactKey: Guid(e32a67fb03a2f6548b653203ff9fedf3) Importer(2089858483,192608db42251d675da83286b1cce702)
Start importing Assets/Plugins/QFSW/Quantum Console/Source/Extras/exec/DynamicCodeCommands.cs using Guid(e32a67fb03a2f6548b653203ff9fedf3) Importer(2089858483,192608db42251d675da83286b1cce702) (ScriptedImporter) -> (artifact id: 'dc60d38a55b2568db87bc6d76dcb342c') in 0.0220047 seconds
Number of updated asset objects reloaded before import = 0Number of asset objects unloaded after import = 0

========================================================================
Received Import Request.
  Time since last request: 0.000080 seconds.
  path: Assets/Plugins/QFSW/Quantum Console/Source/Scripts/Containers/StringContainer.cs
  artifactKey: Guid(b6fe5a46a82b32946a28567aefce78c0) Importer(2089858483,192608db42251d675da83286b1cce702)
Start importing Assets/Plugins/QFSW/Quantum Console/Source/Scripts/Containers/StringContainer.cs using Guid(b6fe5a46a82b32946a28567aefce78c0) Importer(2089858483,192608db42251d675da83286b1cce702) (ScriptedImporter) -> (artifact id: 'f39409d277c93811289f79f1f0560fd6') in 0.0182249 seconds
Number of updated asset objects reloaded before import = 0Number of asset objects unloaded after import = 0

========================================================================
Received Import Request.
  Time since last request: 0.000035 seconds.
  path: Assets/Plugins/QFSW/Quantum Console/Source/Scripts/Parsing/Grammar/Binary Operators/BinaryOperatorData.cs
  artifactKey: Guid(e479a8c10bf9fa043959daa459ce97db) Importer(2089858483,192608db42251d675da83286b1cce702)
Start importing Assets/Plugins/QFSW/Quantum Console/Source/Scripts/Parsing/Grammar/Binary Operators/BinaryOperatorData.cs using Guid(e479a8c10bf9fa043959daa459ce97db) Importer(2089858483,192608db42251d675da83286b1cce702) (ScriptedImporter) -> (artifact id: '886ee2faf124b62871696157d4aa8cdf') in 0.0184352 seconds
Number of updated asset objects reloaded before import = 0Number of asset objects unloaded after import = 0

========================================================================
Received Import Request.
  Time since last request: 0.000065 seconds.
  path: Assets/Plugins/QFSW/Quantum Console/Source/Scripts/AutoScrollOptions.cs
  artifactKey: Guid(1fd10c1eb5013b648963ed0e1cdbd869) Importer(2089858483,192608db42251d675da83286b1cce702)
Start importing Assets/Plugins/QFSW/Quantum Console/Source/Scripts/AutoScrollOptions.cs using Guid(1fd10c1eb5013b648963ed0e1cdbd869) Importer(2089858483,192608db42251d675da83286b1cce702) (ScriptedImporter) -> (artifact id: '95641a173ec6c06742942ace8a2eb959') in 0.0191857 seconds
Number of updated asset objects reloaded before import = 0Number of asset objects unloaded after import = 0

========================================================================
Received Import Request.
  Time since last request: 0.000055 seconds.
  path: Assets/Plugins/QFSW/Quantum Console/Source/Scripts/Attributes
  artifactKey: Guid(8f98c28cf2a7c934db3f256bd3921741) Importer(2089858483,192608db42251d675da83286b1cce702)
Start importing Assets/Plugins/QFSW/Quantum Console/Source/Scripts/Attributes using Guid(8f98c28cf2a7c934db3f256bd3921741) Importer(2089858483,192608db42251d675da83286b1cce702) (ScriptedImporter) -> (artifact id: '3d58ecae57aced7c600bd3254d742306') in 0.0158236 seconds
Number of updated asset objects reloaded before import = 0Number of asset objects unloaded after import = 1

========================================================================
Received Import Request.
  Time since last request: 0.000030 seconds.
  path: Assets/Plugins/QFSW/Quantum Console/Source/Scripts/Parsing/Parsers/ColorParser.cs
  artifactKey: Guid(31739988d804da941aa363d4a58bfae6) Importer(2089858483,192608db42251d675da83286b1cce702)
Start importing Assets/Plugins/QFSW/Quantum Console/Source/Scripts/Parsing/Parsers/ColorParser.cs using Guid(31739988d804da941aa363d4a58bfae6) Importer(2089858483,192608db42251d675da83286b1cce702) (ScriptedImporter) -> (artifact id: 'f7bb23aa823d5aa78473949d8a8b856e') in 0.0184344 seconds
Number of updated asset objects reloaded before import = 0Number of asset objects unloaded after import = 0

========================================================================
Received Import Request.
  Time since last request: 0.000049 seconds.
  path: Assets/Plugins/QFSW/Quantum Console/Source/Scripts/Attributes/CommandAttribute.cs
  artifactKey: Guid(8115824be443344f29ef0da5a1c05a3b) Importer(2089858483,192608db42251d675da83286b1cce702)
Start importing Assets/Plugins/QFSW/Quantum Console/Source/Scripts/Attributes/CommandAttribute.cs using Guid(8115824be443344f29ef0da5a1c05a3b) Importer(2089858483,192608db42251d675da83286b1cce702) (ScriptedImporter) -> (artifact id: '3be9de6c5b495ab5a4df277a638d773a') in 0.0187879 seconds
Number of updated asset objects reloaded before import = 0Number of asset objects unloaded after import = 0

========================================================================
Received Import Request.
  Time since last request: 0.000071 seconds.
  path: Assets/Plugins/QFSW/Quantum Console/Source/Fonts/TMP/OfficeCodePro-Regular SDF.asset
  artifactKey: Guid(03667487b095d134cb5d244fc285c9d1) Importer(2089858483,192608db42251d675da83286b1cce702)
Start importing Assets/Plugins/QFSW/Quantum Console/Source/Fonts/TMP/OfficeCodePro-Regular SDF.asset using Guid(03667487b095d134cb5d244fc285c9d1) Importer(2089858483,192608db42251d675da83286b1cce702) (ScriptedImporter) -> (artifact id: 'd531748bb1356906abb36d44a2b7414d') in 0.0827808 seconds
Number of updated asset objects reloaded before import = 0Number of asset objects unloaded after import = 3

========================================================================
Received Import Request.
  Time since last request: 0.000018 seconds.
  path: Assets/Plugins/QFSW/Quantum Console/Source/Scripts/Containers
  artifactKey: Guid(d2efd1c3b1ea14940bbea68283e5ae22) Importer(2089858483,192608db42251d675da83286b1cce702)
Start importing Assets/Plugins/QFSW/Quantum Console/Source/Scripts/Containers using Guid(d2efd1c3b1ea14940bbea68283e5ae22) Importer(2089858483,192608db42251d675da83286b1cce702) (ScriptedImporter) -> (artifact id: '77bff4915f607fe5d2a57f0418dc5057') in 0.0158044 seconds
Number of updated asset objects reloaded before import = 0Number of asset objects unloaded after import = 1

========================================================================
Received Import Request.
  Time since last request: 0.000187 seconds.
  path: Assets/Plugins/QFSW/Quantum Console/Source/Fonts/OfficeCodePro-LightItalic.ttf
  artifactKey: Guid(7b29088eb3cae8e4dac72276f32da198) Importer(2089858483,192608db42251d675da83286b1cce702)
Start importing Assets/Plugins/QFSW/Quantum Console/Source/Fonts/OfficeCodePro-LightItalic.ttf using Guid(7b29088eb3cae8e4dac72276f32da198) Importer(2089858483,192608db42251d675da83286b1cce702) (ScriptedImporter) -> (artifact id: '2a1dc6c1c8825470371133849a044010') in 0.0372646 seconds
Number of updated asset objects reloaded before import = 0Number of asset objects unloaded after import = 3

========================================================================
Received Import Request.
  Time since last request: 0.000027 seconds.
  path: Assets/Plugins/QFSW/Quantum Console/Source/Extras/EditorCommands.cs
  artifactKey: Guid(15cc172f9ab7e744ebb12f0ac6965c79) Importer(2089858483,192608db42251d675da83286b1cce702)
Start importing Assets/Plugins/QFSW/Quantum Console/Source/Extras/EditorCommands.cs using Guid(15cc172f9ab7e744ebb12f0ac6965c79) Importer(2089858483,192608db42251d675da83286b1cce702) (ScriptedImporter) -> (artifact id: '69637afc9b5dbc87620d8c3786ade00f') in 0.0181042 seconds
Number of updated asset objects reloaded before import = 0Number of asset objects unloaded after import = 0

========================================================================
Received Import Request.
  Time since last request: 0.000054 seconds.
  path: Assets/Plugins/QFSW/Quantum Console/Source/Scripts/LoggingThreshold.cs
  artifactKey: Guid(e1deb81bd619957488a2d1d13c0d08d0) Importer(2089858483,192608db42251d675da83286b1cce702)
Start importing Assets/Plugins/QFSW/Quantum Console/Source/Scripts/LoggingThreshold.cs using Guid(e1deb81bd619957488a2d1d13c0d08d0) Importer(2089858483,192608db42251d675da83286b1cce702) (ScriptedImporter) -> (artifact id: '31b305fe3a2b620f6a2a3ba4c6e2327d') in 0.0169921 seconds
Number of updated asset objects reloaded before import = 0Number of asset objects unloaded after import = 0

========================================================================
Received Import Request.
  Time since last request: 0.000089 seconds.
  path: Assets/Plugins/QFSW/Quantum Console/Source/Fonts
  artifactKey: Guid(62f36e9490c247741aa6c9b5e545f9be) Importer(2089858483,192608db42251d675da83286b1cce702)
Start importing Assets/Plugins/QFSW/Quantum Console/Source/Fonts using Guid(62f36e9490c247741aa6c9b5e545f9be) Importer(2089858483,192608db42251d675da83286b1cce702) (ScriptedImporter) -> (artifact id: 'df8835369f1faa941645dae47af400a8') in 0.0179311 seconds
Number of updated asset objects reloaded before import = 0Number of asset objects unloaded after import = 1

========================================================================
Received Import Request.
  Time since last request: 0.000028 seconds.
  path: Assets/Plugins/QFSW/Quantum Console/Source/Scripts/Parsing/Parsers/EnumerableParser.cs
  artifactKey: Guid(c885a65409b41894ab2688fef15008b0) Importer(2089858483,192608db42251d675da83286b1cce702)
Start importing Assets/Plugins/QFSW/Quantum Console/Source/Scripts/Parsing/Parsers/EnumerableParser.cs using Guid(c885a65409b41894ab2688fef15008b0) Importer(2089858483,192608db42251d675da83286b1cce702) (ScriptedImporter) -> (artifact id: '27a34344f48982af8af53e262fff639c') in 0.0188996 seconds
Number of updated asset objects reloaded before import = 0Number of asset objects unloaded after import = 0

========================================================================
Received Import Request.
  Time since last request: 0.000048 seconds.
  path: Assets/Plugins/QFSW/Quantum Console/Source/Scripts/Actions
  artifactKey: Guid(a3eaecc6a5f4f974092a4aae01bb5b48) Importer(2089858483,192608db42251d675da83286b1cce702)
Start importing Assets/Plugins/QFSW/Quantum Console/Source/Scripts/Actions using Guid(a3eaecc6a5f4f974092a4aae01bb5b48) Importer(2089858483,192608db42251d675da83286b1cce702) (ScriptedImporter) -> (artifact id: '82f229932c31aae0a38c7cd3e4b1c9be') in 0.0200613 seconds
Number of updated asset objects reloaded before import = 0Number of asset objects unloaded after import = 1

========================================================================
Received Import Request.
  Time since last request: 0.000044 seconds.
  path: Assets/Plugins/QFSW/Quantum Console/Source/Scripts/Parsing/Grammar/Binary Operators
  artifactKey: Guid(f7627ba6a0fc6d34182bb1aa178b4be5) Importer(2089858483,192608db42251d675da83286b1cce702)
Start importing Assets/Plugins/QFSW/Quantum Console/Source/Scripts/Parsing/Grammar/Binary Operators using Guid(f7627ba6a0fc6d34182bb1aa178b4be5) Importer(2089858483,192608db42251d675da83286b1cce702) (ScriptedImporter) -> (artifact id: '181a7a23c2f59683fd181e85ff93e01d') in 0.0175068 seconds
Number of updated asset objects reloaded before import = 0Number of asset objects unloaded after import = 1

========================================================================
Received Import Request.
  Time since last request: 0.000157 seconds.
  path: Assets/Plugins/QFSW/Quantum Console/Source/Textures/DragArrow.png
  artifactKey: Guid(3b4c5868913f036409451b4765150dd3) Importer(2089858483,192608db42251d675da83286b1cce702)
Start importing Assets/Plugins/QFSW/Quantum Console/Source/Textures/DragArrow.png using Guid(3b4c5868913f036409451b4765150dd3) Importer(2089858483,192608db42251d675da83286b1cce702) (ScriptedImporter) -> (artifact id: 'b92b4c1ee801174021156bdde7e362e1') in 0.0523312 seconds
Number of updated asset objects reloaded before import = 0Number of asset objects unloaded after import = 3

========================================================================
Received Import Request.
  Time since last request: 0.023481 seconds.
  path: Assets/Plugins/QFSW/Quantum Console/Source/Prefabs/Default Theme.asset
  artifactKey: Guid(5a19be32700ef4a13bfa337a662ef25b) Importer(2089858483,192608db42251d675da83286b1cce702)
Start importing Assets/Plugins/QFSW/Quantum Console/Source/Prefabs/Default Theme.asset using Guid(5a19be32700ef4a13bfa337a662ef25b) Importer(2089858483,192608db42251d675da83286b1cce702) (ScriptedImporter) -> (artifact id: '4b37fd13be476ee1903e8fc6cb27999e') in 0.0393 seconds
Number of updated asset objects reloaded before import = 0Number of asset objects unloaded after import = 5

========================================================================
Received Import Request.
  Time since last request: 0.000254 seconds.
  path: Assets/Plugins/QFSW/Quantum Console/Source/Scripts/Internal
  artifactKey: Guid(47e7833318a87461886e1eb355a9c7bb) Importer(2089858483,192608db42251d675da83286b1cce702)
Start importing Assets/Plugins/QFSW/Quantum Console/Source/Scripts/Internal using Guid(47e7833318a87461886e1eb355a9c7bb) Importer(2089858483,192608db42251d675da83286b1cce702) (ScriptedImporter) -> (artifact id: 'ccae4579beb5834cf913095754a457bd') in 0.0166465 seconds
Number of updated asset objects reloaded before import = 0Number of asset objects unloaded after import = 1

========================================================================
Received Import Request.
  Time since last request: 0.000042 seconds.
  path: Assets/Plugins/QFSW/Quantum Console/Source/Scripts/Actions/GetContext.cs
  artifactKey: Guid(a2b0f8e4c27c89e4caac865a57f52f99) Importer(2089858483,192608db42251d675da83286b1cce702)
Start importing Assets/Plugins/QFSW/Quantum Console/Source/Scripts/Actions/GetContext.cs using Guid(a2b0f8e4c27c89e4caac865a57f52f99) Importer(2089858483,192608db42251d675da83286b1cce702) (ScriptedImporter) -> (artifact id: '0a4a85c2bdbc57a4e115c9fe6f1e5de8') in 0.0167006 seconds
Number of updated asset objects reloaded before import = 0Number of asset objects unloaded after import = 0

========================================================================
Received Import Request.
  Time since last request: 0.000069 seconds.
  path: Assets/Plugins/QFSW/Quantum Console/Source/Scripts/Parsing/Parsers/Vector3Parser.cs
  artifactKey: Guid(ca39e94d5f7e12b4cbb7b00f77a8278c) Importer(2089858483,192608db42251d675da83286b1cce702)
Start importing Assets/Plugins/QFSW/Quantum Console/Source/Scripts/Parsing/Parsers/Vector3Parser.cs using Guid(ca39e94d5f7e12b4cbb7b00f77a8278c) Importer(2089858483,192608db42251d675da83286b1cce702) (ScriptedImporter) -> (artifact id: '69fc3c646902007764ff5f941c8bf2df') in 0.0175321 seconds
Number of updated asset objects reloaded before import = 0Number of asset objects unloaded after import = 0

========================================================================
Received Import Request.
  Time since last request: 0.000067 seconds.
  path: Assets/Plugins/QFSW/Quantum Console/Source/Textures
  artifactKey: Guid(4750aea94a3727649a4fd1df0cd87fc5) Importer(2089858483,192608db42251d675da83286b1cce702)
Start importing Assets/Plugins/QFSW/Quantum Console/Source/Textures using Guid(4750aea94a3727649a4fd1df0cd87fc5) Importer(2089858483,192608db42251d675da83286b1cce702) (ScriptedImporter) -> (artifact id: '832b7261dca244de9b2ba913cec7dd17') in 0.0167479 seconds
Number of updated asset objects reloaded before import = 0Number of asset objects unloaded after import = 1

========================================================================
Received Import Request.
  Time since last request: 0.000019 seconds.
  path: Assets/Plugins/QFSW/Quantum Console/Source
  artifactKey: Guid(344123e6ce05a3c45809ddaa3a166bdc) Importer(2089858483,192608db42251d675da83286b1cce702)
Start importing Assets/Plugins/QFSW/Quantum Console/Source using Guid(344123e6ce05a3c45809ddaa3a166bdc) Importer(2089858483,192608db42251d675da83286b1cce702) (ScriptedImporter) -> (artifact id: '8fe14eb78df9b1c2a44aff9fd025a7e5') in 0.0168318 seconds
Number of updated asset objects reloaded before import = 0Number of asset objects unloaded after import = 1

========================================================================
Received Import Request.
  Time since last request: 0.000016 seconds.
  path: Assets/Plugins/QFSW/Quantum Console/Source/Scripts/QuantumConsoleProcessor.cs
  artifactKey: Guid(6fb22d374d9f13f4599f9b4bd7351078) Importer(2089858483,192608db42251d675da83286b1cce702)
Start importing Assets/Plugins/QFSW/Quantum Console/Source/Scripts/QuantumConsoleProcessor.cs using Guid(6fb22d374d9f13f4599f9b4bd7351078) Importer(2089858483,192608db42251d675da83286b1cce702) (ScriptedImporter) -> (artifact id: '77efb4ffc8faca38431bcf5a03135331') in 0.0194856 seconds
Number of updated asset objects reloaded before import = 0Number of asset objects unloaded after import = 0

========================================================================
Received Import Request.
  Time since last request: 0.000041 seconds.
  path: Assets/Plugins/QFSW/Quantum Console/Source/Scripts/Internal/FieldAutoMethod.cs
  artifactKey: Guid(4817e6908a5c544ab88c69cd27c68a41) Importer(2089858483,192608db42251d675da83286b1cce702)
Start importing Assets/Plugins/QFSW/Quantum Console/Source/Scripts/Internal/FieldAutoMethod.cs using Guid(4817e6908a5c544ab88c69cd27c68a41) Importer(2089858483,192608db42251d675da83286b1cce702) (ScriptedImporter) -> (artifact id: '602f8b70b1b766f4cd814d712ac9a8de') in 0.0185859 seconds
Number of updated asset objects reloaded before import = 0Number of asset objects unloaded after import = 0

========================================================================
Received Import Request.
  Time since last request: 0.000116 seconds.
  path: Assets/Plugins/QFSW/Quantum Console/Source/Extras/QFSW.QC.Extras.asmdef
  artifactKey: Guid(dbe7cf6698bd54a63bc00412d71f8b48) Importer(2089858483,192608db42251d675da83286b1cce702)
Start importing Assets/Plugins/QFSW/Quantum Console/Source/Extras/QFSW.QC.Extras.asmdef using Guid(dbe7cf6698bd54a63bc00412d71f8b48) Importer(2089858483,192608db42251d675da83286b1cce702) (ScriptedImporter) -> (artifact id: '7f8ef181ae9ed424a93c64c214a298fe') in 0.0308685 seconds
Number of updated asset objects reloaded before import = 0Number of asset objects unloaded after import = 1

========================================================================
Received Import Request.
  Time since last request: 0.000029 seconds.
  path: Assets/Plugins/QFSW/Quantum Console/Source/Scripts/Editor/Tools/QFSW.QC.Editor.Tools.asmdef
  artifactKey: Guid(a02547252a8685b458cb58325927f320) Importer(2089858483,192608db42251d675da83286b1cce702)
Start importing Assets/Plugins/QFSW/Quantum Console/Source/Scripts/Editor/Tools/QFSW.QC.Editor.Tools.asmdef using Guid(a02547252a8685b458cb58325927f320) Importer(2089858483,192608db42251d675da83286b1cce702) (ScriptedImporter) -> (artifact id: '2944bd05d7336572f0c285e3fbf92e8e') in 0.0318587 seconds
Number of updated asset objects reloaded before import = 0Number of asset objects unloaded after import = 1

========================================================================
Received Import Request.
  Time since last request: 0.000037 seconds.
  path: Assets/Plugins/QFSW/Quantum Console/Source/Prefabs/Quantum Console (SRP).prefab
  artifactKey: Guid(2da3dcc22749e7f4280737786d898334) Importer(2089858483,192608db42251d675da83286b1cce702)
Start importing Assets/Plugins/QFSW/Quantum Console/Source/Prefabs/Quantum Console (SRP).prefab using Guid(2da3dcc22749e7f4280737786d898334) Importer(2089858483,192608db42251d675da83286b1cce702) (ScriptedImporter) -> (artifact id: '0fc92f59de6ceff4622f24ce3583c304') in 0.1269589 seconds
Number of updated asset objects reloaded before import = 0Number of asset objects unloaded after import = 322

========================================================================
Received Import Request.
  Time since last request: 0.143258 seconds.
  path: Assets/Plugins/QFSW/Quantum Console/Source/Scripts/Serialization/Serializers/TypeSerializer.cs
  artifactKey: Guid(a0081da50a0ad3743b7adaa7f49a327d) Importer(2089858483,192608db42251d675da83286b1cce702)
Start importing Assets/Plugins/QFSW/Quantum Console/Source/Scripts/Serialization/Serializers/TypeSerializer.cs using Guid(a0081da50a0ad3743b7adaa7f49a327d) Importer(2089858483,192608db42251d675da83286b1cce702) (ScriptedImporter) -> (artifact id: '4249b2863aba5c2f4e964c7fc4660ca1') in 0.0166494 seconds
Number of updated asset objects reloaded before import = 0Number of asset objects unloaded after import = 0

========================================================================
Received Import Request.
  Time since last request: 0.000053 seconds.
  path: Assets/Plugins/QFSW/Quantum Console/Source/Scripts/Actions/Composite.cs
  artifactKey: Guid(3ecb8c263614be7489f996de15278bf5) Importer(2089858483,192608db42251d675da83286b1cce702)
Start importing Assets/Plugins/QFSW/Quantum Console/Source/Scripts/Actions/Composite.cs using Guid(3ecb8c263614be7489f996de15278bf5) Importer(2089858483,192608db42251d675da83286b1cce702) (ScriptedImporter) -> (artifact id: '94f2a9c7014f5204618717b8f62893ea') in 0.0175961 seconds
Number of updated asset objects reloaded before import = 0Number of asset objects unloaded after import = 0

========================================================================
Received Import Request.
  Time since last request: 0.000029 seconds.
  path: Assets/Plugins/QFSW/Quantum Console/Source/Scripts/Serialization/Serializers/Vector4Serializer.cs
  artifactKey: Guid(af0a28dfe0d28b844b9ca788f93145c2) Importer(2089858483,192608db42251d675da83286b1cce702)
Start importing Assets/Plugins/QFSW/Quantum Console/Source/Scripts/Serialization/Serializers/Vector4Serializer.cs using Guid(af0a28dfe0d28b844b9ca788f93145c2) Importer(2089858483,192608db42251d675da83286b1cce702) (ScriptedImporter) -> (artifact id: '6ff68f8e118ed48a527732eee44b96ae') in 0.0176274 seconds
Number of updated asset objects reloaded before import = 0Number of asset objects unloaded after import = 0

========================================================================
Received Import Request.
  Time since last request: 0.000060 seconds.
  path: Assets/Plugins/QFSW/Quantum Console/Source/Scripts/link.xml
  artifactKey: Guid(b3569c4d6f4f03e449d1e3afa1c8afd8) Importer(2089858483,192608db42251d675da83286b1cce702)
Start importing Assets/Plugins/QFSW/Quantum Console/Source/Scripts/link.xml using Guid(b3569c4d6f4f03e449d1e3afa1c8afd8) Importer(2089858483,192608db42251d675da83286b1cce702) (ScriptedImporter) -> (artifact id: '104525e2dc8a24e238fa6ac61bbf8c90') in 0.0300353 seconds
Number of updated asset objects reloaded before import = 0Number of asset objects unloaded after import = 1

========================================================================
Received Import Request.
  Time since last request: 0.000026 seconds.
  path: Assets/Plugins/QFSW/Quantum Console/Source/Extras/exec/CSharpCompiler/CustomDynamicDriver.cs
  artifactKey: Guid(e389d8a5b0e25ae44a841060cecca276) Importer(2089858483,192608db42251d675da83286b1cce702)
Start importing Assets/Plugins/QFSW/Quantum Console/Source/Extras/exec/CSharpCompiler/CustomDynamicDriver.cs using Guid(e389d8a5b0e25ae44a841060cecca276) Importer(2089858483,192608db42251d675da83286b1cce702) (ScriptedImporter) -> (artifact id: 'd52aa4ee03beb84bd4312f6d1f4281c8') in 0.0175244 seconds
Number of updated asset objects reloaded before import = 0Number of asset objects unloaded after import = 0

========================================================================
Received Prepare
Refreshing native plugins compatible for Editor in 8.37 ms, found 4 plugins.
Preloading 0 native plugins for Editor in 0.00 ms.
Unloading 6 Unused Serialized files (Serialized files now loaded: 0)
Unloading 5518 unused Assets / (2.1 MB). Loaded Objects now: 6028.
Memory consumption went from 104.3 MB to 102.2 MB.
Total: 21.989800 ms (FindLiveObjects: 1.175000 ms CreateObjectMapping: 2.546200 ms MarkObjects: 15.423500 ms  DeleteObjects: 2.843200 ms)

Prepare: number of updated asset objects reloaded= 0
Editor requested this worker to shutdown with reason: Scaling down because of idle timeout
AssetImportWorkerClient::OnTransportError - code=2 error=End of file
AssetImportWorker is now disconnected from the server
Process exiting
Exiting without the bug reporter. Application will terminate with return code 0