Using pre-set license
Built from '6000.0/respin/6000.0.59f1-063c55f2fd0f' branch; Version is '6000.0.59f2 (ef281c76c3c1) revision 15673372'; Using compiler version '193933523'; Build Type 'Release'
OS: 'Windows 11  (10.0.26200) 64bit ProfessionalN' Language: 'en' Physical Memory: 14188 MB
BatchMode: 1, IsHumanControllingUs: 0, StartBugReporterOnCrash: 0, Is64bit: 1
Date: 2026-01-22T21:13:52Z

COMMAND LINE ARGUMENTS:
C:\Program Files\Unity\Hub\Editor\6000.0.59f2\Editor\Unity.exe
-adb2
-batchMode
-noUpm
-name
AssetImportWorker10
-projectPath
C:/GIT/KeikoGames/Treasure Hunt Mini-Game
-logFile
Logs/AssetImportWorker10.log
-srvPort
3335
-job-worker-count
7
-background-job-worker-count
8
-gc-helper-count
1
-name
AssetImport
Successfully changed project path to: C:/GIT/KeikoGames/Treasure Hunt Mini-Game
C:/GIT/KeikoGames/Treasure Hunt Mini-Game
[UnityMemory] Configuration Parameters - Can be set up in boot.config
    "memorysetup-bucket-allocator-granularity=16"
    "memorysetup-bucket-allocator-bucket-count=8"
    "memorysetup-bucket-allocator-block-size=33554432"
    "memorysetup-bucket-allocator-block-count=8"
    "memorysetup-main-allocator-block-size=16777216"
    "memorysetup-thread-allocator-block-size=16777216"
    "memorysetup-gfx-main-allocator-block-size=16777216"
    "memorysetup-gfx-thread-allocator-block-size=16777216"
    "memorysetup-cache-allocator-block-size=4194304"
    "memorysetup-typetree-allocator-block-size=2097152"
    "memorysetup-profiler-bucket-allocator-granularity=16"
    "memorysetup-profiler-bucket-allocator-bucket-count=8"
    "memorysetup-profiler-bucket-allocator-block-size=33554432"
    "memorysetup-profiler-bucket-allocator-block-count=8"
    "memorysetup-profiler-allocator-block-size=16777216"
    "memorysetup-profiler-editor-allocator-block-size=1048576"
    "memorysetup-temp-allocator-size-main=16777216"
    "memorysetup-job-temp-allocator-block-size=2097152"
    "memorysetup-job-temp-allocator-block-size-background=1048576"
    "memorysetup-job-temp-allocator-reduction-small-platforms=262144"
    "memorysetup-allocator-temp-initial-block-size-main=262144"
    "memorysetup-allocator-temp-initial-block-size-worker=262144"
    "memorysetup-temp-allocator-size-background-worker=32768"
    "memorysetup-temp-allocator-size-job-worker=262144"
    "memorysetup-temp-allocator-size-preload-manager=33554432"
    "memorysetup-temp-allocator-size-nav-mesh-worker=65536"
    "memorysetup-temp-allocator-size-audio-worker=65536"
    "memorysetup-temp-allocator-size-cloud-worker=32768"
    "memorysetup-temp-allocator-size-gi-baking-worker=262144"
    "memorysetup-temp-allocator-size-gi-baking-worker=262144"
    "memorysetup-temp-allocator-size-gi-baking-worker=262144"
    "memorysetup-temp-allocator-size-gi-baking-worker=262144"
    "memorysetup-temp-allocator-size-gi-baking-worker=262144"
    "memorysetup-temp-allocator-size-gfx=262144"
Player connection [49276]  Target information:

Player connection [49276]  * "[IP] 192.168.1.4 [Port] 0 [Flags] 2 [Guid] 3545051167 [EditorId] 3545051167 [Version] 1048832 [Id] WindowsEditor(7,DESKTOP-B5U047R) [Debug] 1 [PackageName] WindowsEditor [ProjectName] Editor" 

Player connection [49276] Host joined multi-casting on [225.0.0.222:54997]...
Player connection [49276] Host joined alternative multi-casting on [225.0.0.222:34997]...
JobSystem: Creating JobQueue using job-worker-count value 7
Input System module state changed to: Initialized.
[Physics::Module] Initialized fallback backend.
[Physics::Module] Id: 0xdecafbad
Library Redirect Path: Library/
[Physics::Module] Selected backend.
[Physics::Module] Name: PhysX
[Physics::Module] Id: 0xf2b8ea05
[Physics::Module] SDK Version: 4.1.2
[Physics::Module] Integration Version: 1.0.0
[Physics::Module] Threading Mode: Multi-Threaded
Refreshing native plugins compatible for Editor in 663.34 ms, found 4 plugins.
Preloading 0 native plugins for Editor in 0.00 ms.
Initialize engine version: 6000.0.59f2 (ef281c76c3c1)
[Subsystems] Discovering subsystems at path C:/Program Files/Unity/Hub/Editor/6000.0.59f2/Editor/Data/Resources/UnitySubsystems
[Subsystems] Discovering subsystems at path C:/GIT/KeikoGames/Treasure Hunt Mini-Game/Assets
GfxDevice: creating device client; kGfxThreadingModeNonThreaded
Direct3D:
    Version:  Direct3D 11.0 [level 11.1]
    Renderer: NVIDIA GeForce RTX 3060 Laptop GPU (ID=0x2560)
    Vendor:   NVIDIA
    VRAM:     5996 MB
    Driver:   32.0.15.7700
Initialize mono
Mono path[0] = 'C:/Program Files/Unity/Hub/Editor/6000.0.59f2/Editor/Data/Managed'
Mono path[1] = 'C:/Program Files/Unity/Hub/Editor/6000.0.59f2/Editor/Data/MonoBleedingEdge/lib/mono/unityjit-win32'
Mono config path = 'C:/Program Files/Unity/Hub/Editor/6000.0.59f2/Editor/Data/MonoBleedingEdge/etc'
Using monoOptions --debugger-agent=transport=dt_socket,embedding=1,server=y,suspend=n,address=127.0.0.1:56744
Begin MonoManager ReloadAssembly
Registering precompiled unity dll's ...
Register platform support module: C:/Program Files/Unity/Hub/Editor/6000.0.59f2/Editor/Data/PlaybackEngines/WindowsStandaloneSupport/UnityEditor.WindowsStandalone.Extensions.dll
Register platform support module: C:/Program Files/Unity/Hub/Editor/6000.0.59f2/Editor/Data/PlaybackEngines/AndroidPlayer/UnityEditor.Android.Extensions.dll
Registered in 0.010226 seconds.
- Loaded All Assemblies, in  0.630 seconds
Native extension for Android target not found
Android Extension - Scanning For ADB Devices 1234 ms
Native extension for WindowsStandalone target not found
Mono: successfully reloaded assembly
- Finished resetting the current domain, in  1.795 seconds
Domain Reload Profiling: 2422ms
	BeginReloadAssembly (223ms)
		ExecutionOrderSort (0ms)
		DisableScriptedObjects (0ms)
		BackupInstance (0ms)
		ReleaseScriptingObjects (0ms)
		CreateAndSetChildDomain (3ms)
	RebuildCommonClasses (53ms)
	RebuildNativeTypeToScriptingClass (17ms)
	initialDomainReloadingComplete (95ms)
	LoadAllAssembliesAndSetupDomain (237ms)
		LoadAssemblies (216ms)
		RebuildTransferFunctionScriptingTraits (0ms)
		AnalyzeDomain (230ms)
			TypeCache.Refresh (228ms)
				TypeCache.ScanAssembly (206ms)
			BuildScriptInfoCaches (0ms)
			ResolveRequiredComponents (1ms)
	FinalizeReload (1797ms)
		ReleaseScriptCaches (0ms)
		RebuildScriptCaches (0ms)
		SetupLoadedEditorAssemblies (1701ms)
			LogAssemblyErrors (0ms)
			InitializePlatformSupportModulesInManaged (1387ms)
			SetLoadedEditorAssemblies (5ms)
			BeforeProcessingInitializeOnLoad (66ms)
			ProcessInitializeOnLoadAttributes (160ms)
			ProcessInitializeOnLoadMethodAttributes (82ms)
			AfterProcessingInitializeOnLoad (0ms)
			EditorAssembliesLoaded (0ms)
		ExecutionOrderSort2 (0ms)
		AwakeInstancesAfterBackupRestoration (0ms)
========================================================================
Worker process is ready to serve import requests
Import Worker Mode flag is 0x00
Begin MonoManager ReloadAssembly
Symbol file LoadedFromMemory is not a mono symbol file
- Loaded All Assemblies, in  1.341 seconds
Refreshing native plugins compatible for Editor in 3.41 ms, found 4 plugins.
Native extension for Android target not found
Native extension for WindowsStandalone target not found
Package Manager log level set to [2]
[Package Manager] Failed to launch server process. Reason: Unity was launched with the -noUpm command-line argument
[Package Manager] Unable to send message (not connected to server process).
[Package Manager] Cannot connect to Unity Package Manager local server
Mono: successfully reloaded assembly
- Finished resetting the current domain, in  0.842 seconds
Domain Reload Profiling: 2142ms
	BeginReloadAssembly (254ms)
		ExecutionOrderSort (0ms)
		DisableScriptedObjects (8ms)
		BackupInstance (0ms)
		ReleaseScriptingObjects (0ms)
		CreateAndSetChildDomain (38ms)
	RebuildCommonClasses (40ms)
	RebuildNativeTypeToScriptingClass (12ms)
	initialDomainReloadingComplete (51ms)
	LoadAllAssembliesAndSetupDomain (942ms)
		LoadAssemblies (774ms)
		RebuildTransferFunctionScriptingTraits (0ms)
		AnalyzeDomain (325ms)
			TypeCache.Refresh (238ms)
				TypeCache.ScanAssembly (218ms)
			BuildScriptInfoCaches (77ms)
			ResolveRequiredComponents (6ms)
	FinalizeReload (843ms)
		ReleaseScriptCaches (0ms)
		RebuildScriptCaches (0ms)
		SetupLoadedEditorAssemblies (717ms)
			LogAssemblyErrors (0ms)
			InitializePlatformSupportModulesInManaged (16ms)
			SetLoadedEditorAssemblies (7ms)
			BeforeProcessingInitializeOnLoad (189ms)
			ProcessInitializeOnLoadAttributes (444ms)
			ProcessInitializeOnLoadMethodAttributes (54ms)
			AfterProcessingInitializeOnLoad (8ms)
			EditorAssembliesLoaded (0ms)
		ExecutionOrderSort2 (0ms)
		AwakeInstancesAfterBackupRestoration (6ms)
Launched and connected shader compiler UnityShaderCompiler.exe after 0.10 seconds
Refreshing native plugins compatible for Editor in 2.89 ms, found 4 plugins.
Preloading 0 native plugins for Editor in 0.00 ms.
Unloading 6 Unused Serialized files (Serialized files now loaded: 0)
Unloading 5529 unused Assets / (2.3 MB). Loaded Objects now: 6024.
Memory consumption went from 104.3 MB to 102.0 MB.
Total: 10.274800 ms (FindLiveObjects: 0.645900 ms CreateObjectMapping: 0.997600 ms MarkObjects: 6.087300 ms  DeleteObjects: 2.543200 ms)

========================================================================
Received Import Request.
  Time since last request: 97553.990128 seconds.
  path: Assets/Scripts/StateMachineService/IGameState.cs
  artifactKey: Guid(1cda771307a443d7b17df15cc4be8a4c) Importer(2089858483,192608db42251d675da83286b1cce702)
Start importing Assets/Scripts/StateMachineService/IGameState.cs using Guid(1cda771307a443d7b17df15cc4be8a4c) Importer(2089858483,192608db42251d675da83286b1cce702) (ScriptedImporter) -> (artifact id: '2ad14cb13988b0470a68a2f63f5ea1c8') in 0.1041216 seconds
Number of updated asset objects reloaded before import = 0Number of asset objects unloaded after import = 0

========================================================================
Received Import Request.
  Time since last request: 0.000029 seconds.
  path: Assets/Plugins/QFSW/Quantum Console/Source/Scripts/Parsing/Parsers/EnumParser.cs
  artifactKey: Guid(e211a4d691805e049a06ba8a06ca4f92) Importer(2089858483,192608db42251d675da83286b1cce702)
Start importing Assets/Plugins/QFSW/Quantum Console/Source/Scripts/Parsing/Parsers/EnumParser.cs using Guid(e211a4d691805e049a06ba8a06ca4f92) Importer(2089858483,192608db42251d675da83286b1cce702) (ScriptedImporter) -> (artifact id: '780854b4d92a8857e531df5df96e7a67') in 0.0185491 seconds
Number of updated asset objects reloaded before import = 0Number of asset objects unloaded after import = 0

========================================================================
Received Import Request.
  Time since last request: 0.000063 seconds.
  path: Assets/Plugins/QFSW/Quantum Console/Source/Scripts/MonoTargetType.cs
  artifactKey: Guid(04b01e54e9d739a43b5df71ab38c6abc) Importer(2089858483,192608db42251d675da83286b1cce702)
Start importing Assets/Plugins/QFSW/Quantum Console/Source/Scripts/MonoTargetType.cs using Guid(04b01e54e9d739a43b5df71ab38c6abc) Importer(2089858483,192608db42251d675da83286b1cce702) (ScriptedImporter) -> (artifact id: '46d4d697332520b8569a39b80c0173ea') in 0.0173115 seconds
Number of updated asset objects reloaded before import = 0Number of asset objects unloaded after import = 0

========================================================================
Received Import Request.
  Time since last request: 0.000074 seconds.
  path: Assets/Plugins/QFSW/Quantum Console/Source/Extras/TypeCommands.cs
  artifactKey: Guid(fa2f2993809854c998bd8a5842582d5c) Importer(2089858483,192608db42251d675da83286b1cce702)
Start importing Assets/Plugins/QFSW/Quantum Console/Source/Extras/TypeCommands.cs using Guid(fa2f2993809854c998bd8a5842582d5c) Importer(2089858483,192608db42251d675da83286b1cce702) (ScriptedImporter) -> (artifact id: 'e38afc32301aa43f501ac6fa56986e5a') in 0.0184017 seconds
Number of updated asset objects reloaded before import = 0Number of asset objects unloaded after import = 0

========================================================================
Received Import Request.
  Time since last request: 0.000061 seconds.
  path: Assets/Scripts/Mvc/ChestOpenLoading/LoadingChestOpeningView.cs
  artifactKey: Guid(c7e0090986a43f54d8b9357391e03632) Importer(2089858483,192608db42251d675da83286b1cce702)
Start importing Assets/Scripts/Mvc/ChestOpenLoading/LoadingChestOpeningView.cs using Guid(c7e0090986a43f54d8b9357391e03632) Importer(2089858483,192608db42251d675da83286b1cce702) (ScriptedImporter) -> (artifact id: '69bdf82597cf5a6a0b426e53eadf4466') in 0.0188324 seconds
Number of updated asset objects reloaded before import = 0Number of asset objects unloaded after import = 0

========================================================================
Received Import Request.
  Time since last request: 0.000056 seconds.
  path: Assets/Plugins/QFSW/Quantum Console/Source/Prefabs/Default Key Config.asset
  artifactKey: Guid(090da11157287de47ae5c615b8ed3cf9) Importer(2089858483,192608db42251d675da83286b1cce702)
Start importing Assets/Plugins/QFSW/Quantum Console/Source/Prefabs/Default Key Config.asset using Guid(090da11157287de47ae5c615b8ed3cf9) Importer(2089858483,192608db42251d675da83286b1cce702) (ScriptedImporter) -> (artifact id: '81728261b2bff63a91317f0de5638fa2') in 0.0638896 seconds
Number of updated asset objects reloaded before import = 0Number of asset objects unloaded after import = 1

========================================================================
Received Import Request.
  Time since last request: 0.000040 seconds.
  path: Assets/Scripts/StateMachineService/StateMachineService.cs
  artifactKey: Guid(1ed46366b020e4c70bd8250ab45f7891) Importer(2089858483,192608db42251d675da83286b1cce702)
Start importing Assets/Scripts/StateMachineService/StateMachineService.cs using Guid(1ed46366b020e4c70bd8250ab45f7891) Importer(2089858483,192608db42251d675da83286b1cce702) (ScriptedImporter) -> (artifact id: '494d76aa6d555c7d2e586250138201e4') in 0.0181681 seconds
Number of updated asset objects reloaded before import = 0Number of asset objects unloaded after import = 0

========================================================================
Received Import Request.
  Time since last request: 0.000031 seconds.
  path: Assets/Plugins/QFSW/Quantum Console/Source/Demo Scene/Animations/GateOpen.anim
  artifactKey: Guid(509dd06e376974a80be87395ca1da5b8) Importer(2089858483,192608db42251d675da83286b1cce702)
Start importing Assets/Plugins/QFSW/Quantum Console/Source/Demo Scene/Animations/GateOpen.anim using Guid(509dd06e376974a80be87395ca1da5b8) Importer(2089858483,192608db42251d675da83286b1cce702) (ScriptedImporter) -> (artifact id: '8208881c1f585e72082c59f6b7c047bf') in 0.0354821 seconds
Number of updated asset objects reloaded before import = 0Number of asset objects unloaded after import = 1

========================================================================
Received Import Request.
  Time since last request: 0.000051 seconds.
  path: Assets/Plugins/QFSW/Quantum Console/Source/Scripts/Pool.cs
  artifactKey: Guid(92c171e15d3b459478e26e2217e49a05) Importer(2089858483,192608db42251d675da83286b1cce702)
Start importing Assets/Plugins/QFSW/Quantum Console/Source/Scripts/Pool.cs using Guid(92c171e15d3b459478e26e2217e49a05) Importer(2089858483,192608db42251d675da83286b1cce702) (ScriptedImporter) -> (artifact id: 'f5e3f2d8a94e9b11806db1075d59f5dc') in 0.0185676 seconds
Number of updated asset objects reloaded before import = 0Number of asset objects unloaded after import = 0

========================================================================
Received Import Request.
  Time since last request: 0.000075 seconds.
  path: Assets/Plugins/QFSW/Quantum Console/Source/Scripts/Actions/Core/ActionContext.cs
  artifactKey: Guid(16c86e1b478f19a4fa02d70bd8aafcde) Importer(2089858483,192608db42251d675da83286b1cce702)
Start importing Assets/Plugins/QFSW/Quantum Console/Source/Scripts/Actions/Core/ActionContext.cs using Guid(16c86e1b478f19a4fa02d70bd8aafcde) Importer(2089858483,192608db42251d675da83286b1cce702) (ScriptedImporter) -> (artifact id: 'a8c1c61bf0656b90a7c307a780655fdf') in 0.0199838 seconds
Number of updated asset objects reloaded before import = 0Number of asset objects unloaded after import = 0

========================================================================
Received Import Request.
  Time since last request: 0.000085 seconds.
  path: Assets/Plugins/QFSW/Quantum Console/Source/Scripts/InvocationTargetFactory.cs
  artifactKey: Guid(bc29296dcdd167042819ecace7ab214a) Importer(2089858483,192608db42251d675da83286b1cce702)
Start importing Assets/Plugins/QFSW/Quantum Console/Source/Scripts/InvocationTargetFactory.cs using Guid(bc29296dcdd167042819ecace7ab214a) Importer(2089858483,192608db42251d675da83286b1cce702) (ScriptedImporter) -> (artifact id: 'd239680d5b6159ac8764dcb6d1f68908') in 0.0193019 seconds
Number of updated asset objects reloaded before import = 0Number of asset objects unloaded after import = 0

========================================================================
Received Import Request.
  Time since last request: 0.000046 seconds.
  path: Assets/Plugins/QFSW/Quantum Console/Source/Scripts/Actions/Core/ActionExecuter.cs
  artifactKey: Guid(cc98ecd40616cc142a69f2c94957435f) Importer(2089858483,192608db42251d675da83286b1cce702)
Start importing Assets/Plugins/QFSW/Quantum Console/Source/Scripts/Actions/Core/ActionExecuter.cs using Guid(cc98ecd40616cc142a69f2c94957435f) Importer(2089858483,192608db42251d675da83286b1cce702) (ScriptedImporter) -> (artifact id: '1e5a4d10447e62d2044d6f891e332bb2') in 0.0193636 seconds
Number of updated asset objects reloaded before import = 0Number of asset objects unloaded after import = 0

========================================================================
Received Import Request.
  Time since last request: 0.000091 seconds.
  path: Assets/Plugins/QFSW/Quantum Console/Source/Extras/exec/CSharpCompiler/ScriptBundleLoader.cs
  artifactKey: Guid(3dfc88ca39a87dc46bc7fd337be863bb) Importer(2089858483,192608db42251d675da83286b1cce702)
Start importing Assets/Plugins/QFSW/Quantum Console/Source/Extras/exec/CSharpCompiler/ScriptBundleLoader.cs using Guid(3dfc88ca39a87dc46bc7fd337be863bb) Importer(2089858483,192608db42251d675da83286b1cce702) (ScriptedImporter) -> (artifact id: '1aeb29be8ce9e545b9766439c01a9a1c') in 0.0196278 seconds
Number of updated asset objects reloaded before import = 0Number of asset objects unloaded after import = 0

========================================================================
Received Import Request.
  Time since last request: 0.000087 seconds.
  path: Assets/Plugins/QFSW/Quantum Console/Source/Textures/Banner.png
  artifactKey: Guid(0a00d33b88ebe3f4eb5dfb0d2a1c0726) Importer(2089858483,192608db42251d675da83286b1cce702)
Start importing Assets/Plugins/QFSW/Quantum Console/Source/Textures/Banner.png using Guid(0a00d33b88ebe3f4eb5dfb0d2a1c0726) Importer(2089858483,192608db42251d675da83286b1cce702) (ScriptedImporter) -> (artifact id: 'fd3653f7b2378c8c08586279f69f1a36') in 0.0887712 seconds
Number of updated asset objects reloaded before import = 0Number of asset objects unloaded after import = 3

========================================================================
Received Import Request.
  Time since last request: 0.027051 seconds.
  path: Assets/Plugins/QFSW/Quantum Console/Source/Scripts/Parsing/GenericQcParser.cs
  artifactKey: Guid(c81ef7ca4a87a7843b5abee5c22e6ace) Importer(2089858483,192608db42251d675da83286b1cce702)
Start importing Assets/Plugins/QFSW/Quantum Console/Source/Scripts/Parsing/GenericQcParser.cs using Guid(c81ef7ca4a87a7843b5abee5c22e6ace) Importer(2089858483,192608db42251d675da83286b1cce702) (ScriptedImporter) -> (artifact id: '906ec641e81671c8a58212ad5c089618') in 0.0169241 seconds
Number of updated asset objects reloaded before import = 0Number of asset objects unloaded after import = 0

========================================================================
Received Import Request.
  Time since last request: 0.000029 seconds.
  path: Assets/Plugins/QFSW/Quantum Console/Source/Scripts/Actions/GetKey.cs
  artifactKey: Guid(3a0a962a9335e7e408af971ed79d4e8e) Importer(2089858483,192608db42251d675da83286b1cce702)
Start importing Assets/Plugins/QFSW/Quantum Console/Source/Scripts/Actions/GetKey.cs using Guid(3a0a962a9335e7e408af971ed79d4e8e) Importer(2089858483,192608db42251d675da83286b1cce702) (ScriptedImporter) -> (artifact id: '5f94d2fccac8aec70f21098ac3bf8007') in 0.0188784 seconds
Number of updated asset objects reloaded before import = 0Number of asset objects unloaded after import = 0

========================================================================
Received Import Request.
  Time since last request: 0.000066 seconds.
  path: Assets/Plugins/QFSW/Quantum Console/Source/Scripts/Editor/Tools/PrefabUtil.cs
  artifactKey: Guid(8efd6ec275d0caa46920e3c03f6e3925) Importer(2089858483,192608db42251d675da83286b1cce702)
Start importing Assets/Plugins/QFSW/Quantum Console/Source/Scripts/Editor/Tools/PrefabUtil.cs using Guid(8efd6ec275d0caa46920e3c03f6e3925) Importer(2089858483,192608db42251d675da83286b1cce702) (ScriptedImporter) -> (artifact id: 'c2fa4c0ece0df5dc75871b19638d9523') in 0.0183274 seconds
Number of updated asset objects reloaded before import = 0Number of asset objects unloaded after import = 0

========================================================================
Received Import Request.
  Time since last request: 0.000072 seconds.
  path: Assets/Plugins/QFSW/Quantum Console/Source/Extras/exec/CSharpCompiler/Plugins/mcs.dll
  artifactKey: Guid(0447405aaa6f3bd4c96d4c64631542fd) Importer(2089858483,192608db42251d675da83286b1cce702)
Start importing Assets/Plugins/QFSW/Quantum Console/Source/Extras/exec/CSharpCompiler/Plugins/mcs.dll using Guid(0447405aaa6f3bd4c96d4c64631542fd) Importer(2089858483,192608db42251d675da83286b1cce702) (ScriptedImporter) -> (artifact id: 'c41515f4d4df4df331253b382f34a5f0') in 0.0177412 seconds
Number of updated asset objects reloaded before import = 0Number of asset objects unloaded after import = 0

========================================================================
Received Import Request.
  Time since last request: 0.000058 seconds.
  path: Assets/Plugins/QFSW/Quantum Console/Source/Scripts/Actions/Custom.cs
  artifactKey: Guid(b9bd021bf2e291447a56d4cede936d56) Importer(2089858483,192608db42251d675da83286b1cce702)
Start importing Assets/Plugins/QFSW/Quantum Console/Source/Scripts/Actions/Custom.cs using Guid(b9bd021bf2e291447a56d4cede936d56) Importer(2089858483,192608db42251d675da83286b1cce702) (ScriptedImporter) -> (artifact id: '44a416b4d98ac53b64276a85ff0e2b9f') in 0.0168948 seconds
Number of updated asset objects reloaded before import = 0Number of asset objects unloaded after import = 0

========================================================================
Received Import Request.
  Time since last request: 0.000086 seconds.
  path: Assets/Plugins/QFSW/Quantum Console/Source/Scripts/Parsing/Parsers/Vector2Parser.cs
  artifactKey: Guid(bb12462fc0295f046957d1030894bea6) Importer(2089858483,192608db42251d675da83286b1cce702)
Start importing Assets/Plugins/QFSW/Quantum Console/Source/Scripts/Parsing/Parsers/Vector2Parser.cs using Guid(bb12462fc0295f046957d1030894bea6) Importer(2089858483,192608db42251d675da83286b1cce702) (ScriptedImporter) -> (artifact id: 'feed196eb30308b6b55fcbe3a86dca20') in 0.0188314 seconds
Number of updated asset objects reloaded before import = 0Number of asset objects unloaded after import = 0

========================================================================
Received Import Request.
  Time since last request: 0.000035 seconds.
  path: Assets/Plugins/QFSW/Quantum Console/Source/Scripts/Serialization/Serializers
  artifactKey: Guid(3ea795e317dd5b64f8b699ef7a640f92) Importer(2089858483,192608db42251d675da83286b1cce702)
Start importing Assets/Plugins/QFSW/Quantum Console/Source/Scripts/Serialization/Serializers using Guid(3ea795e317dd5b64f8b699ef7a640f92) Importer(2089858483,192608db42251d675da83286b1cce702) (ScriptedImporter) -> (artifact id: 'd8bab5b27430439603795d172179c165') in 0.0176763 seconds
Number of updated asset objects reloaded before import = 0Number of asset objects unloaded after import = 1

========================================================================
Received Import Request.
  Time since last request: 0.000031 seconds.
  path: Assets/Plugins/QFSW/Quantum Console/Source/Scripts/Parsing/Parsers/PrimitiveParser.cs
  artifactKey: Guid(030edeaf5882fc4408d3ebb9368779a9) Importer(2089858483,192608db42251d675da83286b1cce702)
Start importing Assets/Plugins/QFSW/Quantum Console/Source/Scripts/Parsing/Parsers/PrimitiveParser.cs using Guid(030edeaf5882fc4408d3ebb9368779a9) Importer(2089858483,192608db42251d675da83286b1cce702) (ScriptedImporter) -> (artifact id: '41b832fc9f405e7c4b46e502beca51bf') in 0.0171812 seconds
Number of updated asset objects reloaded before import = 0Number of asset objects unloaded after import = 0

========================================================================
Received Import Request.
  Time since last request: 0.000421 seconds.
  path: Assets/Plugins/QFSW/Quantum Console/Source/Shaders
  artifactKey: Guid(59dec0d3cfad221488e6b8ad38e6414d) Importer(2089858483,192608db42251d675da83286b1cce702)
Start importing Assets/Plugins/QFSW/Quantum Console/Source/Shaders using Guid(59dec0d3cfad221488e6b8ad38e6414d) Importer(2089858483,192608db42251d675da83286b1cce702) (ScriptedImporter) -> (artifact id: 'b936b3bde9a7bdd6210b92c2e7248c17') in 0.0159382 seconds
Number of updated asset objects reloaded before import = 0Number of asset objects unloaded after import = 1

========================================================================
Received Import Request.
  Time since last request: 0.000035 seconds.
  path: Assets/Plugins/QFSW/Quantum Console/Source/Scripts/SuggestionDisplay.cs
  artifactKey: Guid(c57eacd1ea0009e4bb19fc30e8a32f07) Importer(2089858483,192608db42251d675da83286b1cce702)
Start importing Assets/Plugins/QFSW/Quantum Console/Source/Scripts/SuggestionDisplay.cs using Guid(c57eacd1ea0009e4bb19fc30e8a32f07) Importer(2089858483,192608db42251d675da83286b1cce702) (ScriptedImporter) -> (artifact id: '3ef55f3823795be151b5584d4b0c113c') in 0.0202728 seconds
Number of updated asset objects reloaded before import = 0Number of asset objects unloaded after import = 0

========================================================================
Received Import Request.
  Time since last request: 0.000054 seconds.
  path: Assets/Plugins/QFSW/Quantum Console/Source/Scripts/Actions/Wait.cs
  artifactKey: Guid(da3e71593087b0145b4c7416865c73ff) Importer(2089858483,192608db42251d675da83286b1cce702)
Start importing Assets/Plugins/QFSW/Quantum Console/Source/Scripts/Actions/Wait.cs using Guid(da3e71593087b0145b4c7416865c73ff) Importer(2089858483,192608db42251d675da83286b1cce702) (ScriptedImporter) -> (artifact id: '95b1fdb55c099689ec5035221b205e91') in 0.0193666 seconds
Number of updated asset objects reloaded before import = 0Number of asset objects unloaded after import = 0

========================================================================
Received Import Request.
  Time since last request: 0.000037 seconds.
  path: Assets/Plugins/QFSW/Quantum Console/Source/Scripts/Parsing/Parsers/BoolParser.cs
  artifactKey: Guid(f610c84a8ec2129489d0f4d00a585b18) Importer(2089858483,192608db42251d675da83286b1cce702)
Start importing Assets/Plugins/QFSW/Quantum Console/Source/Scripts/Parsing/Parsers/BoolParser.cs using Guid(f610c84a8ec2129489d0f4d00a585b18) Importer(2089858483,192608db42251d675da83286b1cce702) (ScriptedImporter) -> (artifact id: '600869e4975badd31c09e48dd3e870db') in 0.0201645 seconds
Number of updated asset objects reloaded before import = 0Number of asset objects unloaded after import = 0

========================================================================
Received Import Request.
  Time since last request: 0.000024 seconds.
  path: Assets/Plugins/QFSW/Quantum Console/Source/Demo Scene/Materials
  artifactKey: Guid(bc50aa7d3c68e401fb3939c922f370de) Importer(2089858483,192608db42251d675da83286b1cce702)
Start importing Assets/Plugins/QFSW/Quantum Console/Source/Demo Scene/Materials using Guid(bc50aa7d3c68e401fb3939c922f370de) Importer(2089858483,192608db42251d675da83286b1cce702) (ScriptedImporter) -> (artifact id: '774a8117fb8bd5dd733b13bd75ac84d1') in 0.0160723 seconds
Number of updated asset objects reloaded before import = 0Number of asset objects unloaded after import = 1

========================================================================
Received Import Request.
  Time since last request: 0.000043 seconds.
  path: Assets/Plugins/QFSW/Quantum Console/Source/Scripts/Preprocessing/QuantumPreprocessor.cs
  artifactKey: Guid(ca234287b4b55cb45bf0ecea07ef2703) Importer(2089858483,192608db42251d675da83286b1cce702)
Start importing Assets/Plugins/QFSW/Quantum Console/Source/Scripts/Preprocessing/QuantumPreprocessor.cs using Guid(ca234287b4b55cb45bf0ecea07ef2703) Importer(2089858483,192608db42251d675da83286b1cce702) (ScriptedImporter) -> (artifact id: 'efff4e700af13d9bc6defea7c6e89d61') in 0.0183794 seconds
Number of updated asset objects reloaded before import = 0Number of asset objects unloaded after import = 0

========================================================================
Received Import Request.
  Time since last request: 0.000291 seconds.
  path: Assets/Plugins/QFSW/Quantum Console/Source/Scripts/Comparators
  artifactKey: Guid(48497173fbbd4884682d42192fdb2df6) Importer(2089858483,192608db42251d675da83286b1cce702)
Start importing Assets/Plugins/QFSW/Quantum Console/Source/Scripts/Comparators using Guid(48497173fbbd4884682d42192fdb2df6) Importer(2089858483,192608db42251d675da83286b1cce702) (ScriptedImporter) -> (artifact id: '0bd0944aebfa9bc7e4ba4303c4cda265') in 0.0167025 seconds
Number of updated asset objects reloaded before import = 0Number of asset objects unloaded after import = 1

========================================================================
Received Import Request.
  Time since last request: 0.000019 seconds.
  path: Assets/Plugins/QFSW/Quantum Console/Source/Scripts/Editor/QuantumThemeInspector.cs
  artifactKey: Guid(3c958f403b85740698edbcc10c951bce) Importer(2089858483,192608db42251d675da83286b1cce702)
Start importing Assets/Plugins/QFSW/Quantum Console/Source/Scripts/Editor/QuantumThemeInspector.cs using Guid(3c958f403b85740698edbcc10c951bce) Importer(2089858483,192608db42251d675da83286b1cce702) (ScriptedImporter) -> (artifact id: '58cffd628381091fc00734f64d45430f') in 0.0168426 seconds
Number of updated asset objects reloaded before import = 0Number of asset objects unloaded after import = 0

========================================================================
Received Import Request.
  Time since last request: 0.000042 seconds.
  path: Assets/Plugins/QFSW/Quantum Console/Source/Textures/Icon.png
  artifactKey: Guid(b4d81ddc1591c4948b549eda7f0e9c50) Importer(2089858483,192608db42251d675da83286b1cce702)
Start importing Assets/Plugins/QFSW/Quantum Console/Source/Textures/Icon.png using Guid(b4d81ddc1591c4948b549eda7f0e9c50) Importer(2089858483,192608db42251d675da83286b1cce702) (ScriptedImporter) -> (artifact id: '4732be57fef3f16c0f68e2d6d9facf14') in 0.0530358 seconds
Number of updated asset objects reloaded before import = 0Number of asset objects unloaded after import = 3

========================================================================
Received Import Request.
  Time since last request: 0.000023 seconds.
  path: Assets/Plugins/QFSW/Quantum Console/Source/Scripts/Serialization/Serializers/ITupleSerializer.cs
  artifactKey: Guid(a98f9dc2d30e50a4ea3e6b10d5af4d1a) Importer(2089858483,192608db42251d675da83286b1cce702)
Start importing Assets/Plugins/QFSW/Quantum Console/Source/Scripts/Serialization/Serializers/ITupleSerializer.cs using Guid(a98f9dc2d30e50a4ea3e6b10d5af4d1a) Importer(2089858483,192608db42251d675da83286b1cce702) (ScriptedImporter) -> (artifact id: '1cf076ed3ed6dd81d0f83b2501a56711') in 0.0203709 seconds
Number of updated asset objects reloaded before import = 0Number of asset objects unloaded after import = 0

========================================================================
Received Import Request.
  Time since last request: 0.000078 seconds.
  path: Assets/Plugins/QFSW/Quantum Console/Source/Scripts/QuantumKeyConfig.cs
  artifactKey: Guid(a59acf1affd56c94fa937563dd75c947) Importer(2089858483,192608db42251d675da83286b1cce702)
Start importing Assets/Plugins/QFSW/Quantum Console/Source/Scripts/QuantumKeyConfig.cs using Guid(a59acf1affd56c94fa937563dd75c947) Importer(2089858483,192608db42251d675da83286b1cce702) (ScriptedImporter) -> (artifact id: 'f02829b6f6059a902b6c1e538ea8bf3b') in 0.0209087 seconds
Number of updated asset objects reloaded before import = 0Number of asset objects unloaded after import = 0

========================================================================
Received Import Request.
  Time since last request: 0.000057 seconds.
  path: Assets/Plugins/QFSW/Quantum Console/Source/Fonts/OfficeCodePro-Light.ttf
  artifactKey: Guid(4b7d48f1a9584dc4a978e5413f2f0cdc) Importer(2089858483,192608db42251d675da83286b1cce702)
Start importing Assets/Plugins/QFSW/Quantum Console/Source/Fonts/OfficeCodePro-Light.ttf using Guid(4b7d48f1a9584dc4a978e5413f2f0cdc) Importer(2089858483,192608db42251d675da83286b1cce702) (ScriptedImporter) -> (artifact id: '939547f852b46610315bd15169c3f962') in 0.0455858 seconds
Number of updated asset objects reloaded before import = 0Number of asset objects unloaded after import = 3

========================================================================
Received Import Request.
  Time since last request: 0.075261 seconds.
  path: Assets/Plugins/QFSW/Quantum Console/Source/Scripts/Parsing/Parsers/TupleParser.cs
  artifactKey: Guid(6842e4e236f2eaa41bddefbef8aa7276) Importer(2089858483,192608db42251d675da83286b1cce702)
Start importing Assets/Plugins/QFSW/Quantum Console/Source/Scripts/Parsing/Parsers/TupleParser.cs using Guid(6842e4e236f2eaa41bddefbef8aa7276) Importer(2089858483,192608db42251d675da83286b1cce702) (ScriptedImporter) -> (artifact id: '318b616a53caa8e4c017b295f683cf84') in 0.0275838 seconds
Number of updated asset objects reloaded before import = 0Number of asset objects unloaded after import = 0

========================================================================
Received Import Request.
  Time since last request: 0.000069 seconds.
  path: Assets/Plugins/QFSW/Quantum Console/Source/Scripts/Actions/Choice.cs
  artifactKey: Guid(629e5579947e6da4688f17d834a20b56) Importer(2089858483,192608db42251d675da83286b1cce702)
Start importing Assets/Plugins/QFSW/Quantum Console/Source/Scripts/Actions/Choice.cs using Guid(629e5579947e6da4688f17d834a20b56) Importer(2089858483,192608db42251d675da83286b1cce702) (ScriptedImporter) -> (artifact id: '20f87ab0f0a74419d52cc08dd86ef4d1') in 0.0176464 seconds
Number of updated asset objects reloaded before import = 0Number of asset objects unloaded after import = 0

========================================================================
Received Import Request.
  Time since last request: 0.000060 seconds.
  path: Assets/Plugins/QFSW/Quantum Console/Source/Scripts/Parsing/Exceptions/ParserInputException.cs
  artifactKey: Guid(559f64f0707530544bf37986bfc4f9c1) Importer(2089858483,192608db42251d675da83286b1cce702)
Start importing Assets/Plugins/QFSW/Quantum Console/Source/Scripts/Parsing/Exceptions/ParserInputException.cs using Guid(559f64f0707530544bf37986bfc4f9c1) Importer(2089858483,192608db42251d675da83286b1cce702) (ScriptedImporter) -> (artifact id: '033302987f632b4fea482b4267900195') in 0.0196998 seconds
Number of updated asset objects reloaded before import = 0Number of asset objects unloaded after import = 0

========================================================================
Received Import Request.
  Time since last request: 0.000061 seconds.
  path: Assets/Plugins/QFSW/Quantum Console/Source/Scripts/Actions/WaitRealtime.cs
  artifactKey: Guid(32cadea9087bc5d4682ac8455fde1fd4) Importer(2089858483,192608db42251d675da83286b1cce702)
Start importing Assets/Plugins/QFSW/Quantum Console/Source/Scripts/Actions/WaitRealtime.cs using Guid(32cadea9087bc5d4682ac8455fde1fd4) Importer(2089858483,192608db42251d675da83286b1cce702) (ScriptedImporter) -> (artifact id: '2ddfdd11fae82f9aa8bef69ca326ab3c') in 0.0205938 seconds
Number of updated asset objects reloaded before import = 0Number of asset objects unloaded after import = 0

========================================================================
Received Import Request.
  Time since last request: 0.000076 seconds.
  path: Assets/Plugins/QFSW/Quantum Console/Source/Scripts/Parsing/Parsers/Vector4Parser.cs
  artifactKey: Guid(feb6ca1c0ec89bf4e8bb8ae58737a1f3) Importer(2089858483,192608db42251d675da83286b1cce702)
Start importing Assets/Plugins/QFSW/Quantum Console/Source/Scripts/Parsing/Parsers/Vector4Parser.cs using Guid(feb6ca1c0ec89bf4e8bb8ae58737a1f3) Importer(2089858483,192608db42251d675da83286b1cce702) (ScriptedImporter) -> (artifact id: '01673d8cc733c9bbd7ee5adbace70cb0') in 0.0219218 seconds
Number of updated asset objects reloaded before import = 0Number of asset objects unloaded after import = 0

========================================================================
Received Import Request.
  Time since last request: 0.000061 seconds.
  path: Assets/Plugins/QFSW/Quantum Console/Source/Scripts/Platform.cs
  artifactKey: Guid(fd545ba57b790c84f8bb9e926fedf21f) Importer(2089858483,192608db42251d675da83286b1cce702)
Start importing Assets/Plugins/QFSW/Quantum Console/Source/Scripts/Platform.cs using Guid(fd545ba57b790c84f8bb9e926fedf21f) Importer(2089858483,192608db42251d675da83286b1cce702) (ScriptedImporter) -> (artifact id: '7b2240ff509131f955f544106b23da6d') in 0.0168609 seconds
Number of updated asset objects reloaded before import = 0Number of asset objects unloaded after import = 0

========================================================================
Received Import Request.
  Time since last request: 0.000057 seconds.
  path: Assets/Plugins/QFSW/Quantum Console/Source/Scripts/Parsing/Grammar/Binary Operators/BitwiseAndOperatorGrammar.cs
  artifactKey: Guid(d9296938ddd32064d999e8e7000789ba) Importer(2089858483,192608db42251d675da83286b1cce702)
Start importing Assets/Plugins/QFSW/Quantum Console/Source/Scripts/Parsing/Grammar/Binary Operators/BitwiseAndOperatorGrammar.cs using Guid(d9296938ddd32064d999e8e7000789ba) Importer(2089858483,192608db42251d675da83286b1cce702) (ScriptedImporter) -> (artifact id: '6707c2d2cac531987b324eb925d0706b') in 0.0190622 seconds
Number of updated asset objects reloaded before import = 0Number of asset objects unloaded after import = 0

========================================================================
Received Import Request.
  Time since last request: 0.000070 seconds.
  path: Assets/Plugins/QFSW/Quantum Console/Source/Scripts/Actions/Core/ICommandAction.cs
  artifactKey: Guid(8ad6ee627978b454d9938922d0e5415c) Importer(2089858483,192608db42251d675da83286b1cce702)
Start importing Assets/Plugins/QFSW/Quantum Console/Source/Scripts/Actions/Core/ICommandAction.cs using Guid(8ad6ee627978b454d9938922d0e5415c) Importer(2089858483,192608db42251d675da83286b1cce702) (ScriptedImporter) -> (artifact id: 'ce1761b18fc8419db83620a4337de443') in 0.0189814 seconds
Number of updated asset objects reloaded before import = 0Number of asset objects unloaded after import = 0

========================================================================
Received Import Request.
  Time since last request: 0.000070 seconds.
  path: Assets/Plugins/QFSW/Quantum Console/Source/Prefabs/Default Theme (SRP).asset
  artifactKey: Guid(769f3deee63c82a4c9896ac917227625) Importer(2089858483,192608db42251d675da83286b1cce702)
Start importing Assets/Plugins/QFSW/Quantum Console/Source/Prefabs/Default Theme (SRP).asset using Guid(769f3deee63c82a4c9896ac917227625) Importer(2089858483,192608db42251d675da83286b1cce702) (ScriptedImporter) -> (artifact id: '76f6dab19e6156aeabdcbebe9f006840') in 0.057034 seconds
Number of updated asset objects reloaded before import = 0Number of asset objects unloaded after import = 4

========================================================================
Received Import Request.
  Time since last request: 0.000039 seconds.
  path: Assets/Plugins/QFSW/Quantum Console/Source/Scripts/Editor/Tools
  artifactKey: Guid(248ef14759720fa4a800416d09dc3b23) Importer(2089858483,192608db42251d675da83286b1cce702)
Start importing Assets/Plugins/QFSW/Quantum Console/Source/Scripts/Editor/Tools using Guid(248ef14759720fa4a800416d09dc3b23) Importer(2089858483,192608db42251d675da83286b1cce702) (ScriptedImporter) -> (artifact id: '015fc913ea49127094663e9743e3c653') in 0.0195005 seconds
Number of updated asset objects reloaded before import = 0Number of asset objects unloaded after import = 1

========================================================================
Received Import Request.
  Time since last request: 0.000063 seconds.
  path: Assets/Plugins/QFSW/Quantum Console/Source/Extras/exec/CSharpCompiler
  artifactKey: Guid(015e5afa17239334c8f085479673d346) Importer(2089858483,192608db42251d675da83286b1cce702)
Start importing Assets/Plugins/QFSW/Quantum Console/Source/Extras/exec/CSharpCompiler using Guid(015e5afa17239334c8f085479673d346) Importer(2089858483,192608db42251d675da83286b1cce702) (ScriptedImporter) -> (artifact id: 'ad8ded129986dd41245ad55218f4d32b') in 0.0196115 seconds
Number of updated asset objects reloaded before import = 0Number of asset objects unloaded after import = 1

========================================================================
Received Import Request.
  Time since last request: 0.236463 seconds.
  path: Assets/Plugins/QFSW/Quantum Console/Source/Scripts/Logging/ILogStorage.cs
  artifactKey: Guid(859434497f964d328b18530b1230d97f) Importer(2089858483,192608db42251d675da83286b1cce702)
Start importing Assets/Plugins/QFSW/Quantum Console/Source/Scripts/Logging/ILogStorage.cs using Guid(859434497f964d328b18530b1230d97f) Importer(2089858483,192608db42251d675da83286b1cce702) (ScriptedImporter) -> (artifact id: 'ead12bbc8bf9d4eaaa286b35e33c71e1') in 0.0167473 seconds
Number of updated asset objects reloaded before import = 0Number of asset objects unloaded after import = 0

========================================================================
Received Import Request.
  Time since last request: 0.000045 seconds.
  path: Assets/Plugins/QFSW/Quantum Console/Source/Scripts/Logging/Log.cs
  artifactKey: Guid(f183a6a7c8672b9448d3c1023b68df30) Importer(2089858483,192608db42251d675da83286b1cce702)
Start importing Assets/Plugins/QFSW/Quantum Console/Source/Scripts/Logging/Log.cs using Guid(f183a6a7c8672b9448d3c1023b68df30) Importer(2089858483,192608db42251d675da83286b1cce702) (ScriptedImporter) -> (artifact id: '42ccda257f9c93135b93666f8b1f4b34') in 0.016682 seconds
Number of updated asset objects reloaded before import = 0Number of asset objects unloaded after import = 0

========================================================================
Received Import Request.
  Time since last request: 0.000073 seconds.
  path: Assets/Plugins/QFSW/Quantum Console/Source/Scripts/Logging/LogStorage.cs
  artifactKey: Guid(d0b5e8fa829c491eb694d1dfc7a1842a) Importer(2089858483,192608db42251d675da83286b1cce702)
Start importing Assets/Plugins/QFSW/Quantum Console/Source/Scripts/Logging/LogStorage.cs using Guid(d0b5e8fa829c491eb694d1dfc7a1842a) Importer(2089858483,192608db42251d675da83286b1cce702) (ScriptedImporter) -> (artifact id: '0de10cf7ffa89d8e418da8c2a33c0fd3') in 0.0180565 seconds
Number of updated asset objects reloaded before import = 0Number of asset objects unloaded after import = 0

========================================================================
Received Import Request.
  Time since last request: 0.000034 seconds.
  path: Assets/Plugins/QFSW/Quantum Console/Source/Scripts/Parsing/IQcGrammarConstruct.cs
  artifactKey: Guid(9c2c98c09a1ef19408e80fec4b2932d0) Importer(2089858483,192608db42251d675da83286b1cce702)
Start importing Assets/Plugins/QFSW/Quantum Console/Source/Scripts/Parsing/IQcGrammarConstruct.cs using Guid(9c2c98c09a1ef19408e80fec4b2932d0) Importer(2089858483,192608db42251d675da83286b1cce702) (ScriptedImporter) -> (artifact id: '9a5c643dae28c92ac223266dba0e59ec') in 0.0181881 seconds
Number of updated asset objects reloaded before import = 0Number of asset objects unloaded after import = 0

========================================================================
Received Import Request.
  Time since last request: 0.000067 seconds.
  path: Assets/Plugins/QFSW/Quantum Console/Source/Scripts/Parsing/Grammar/Binary Operators/AdditionOperatorGrammar.cs
  artifactKey: Guid(0a0906d67478d174c896a36b20dc10c0) Importer(2089858483,192608db42251d675da83286b1cce702)
Start importing Assets/Plugins/QFSW/Quantum Console/Source/Scripts/Parsing/Grammar/Binary Operators/AdditionOperatorGrammar.cs using Guid(0a0906d67478d174c896a36b20dc10c0) Importer(2089858483,192608db42251d675da83286b1cce702) (ScriptedImporter) -> (artifact id: '5e437d13a5c2973d253edeafda743a83') in 0.0193843 seconds
Number of updated asset objects reloaded before import = 0Number of asset objects unloaded after import = 0

========================================================================
Received Prepare
Refreshing native plugins compatible for Editor in 22.92 ms, found 4 plugins.
Preloading 0 native plugins for Editor in 0.00 ms.
Unloading 6 Unused Serialized files (Serialized files now loaded: 0)
Unloading 5517 unused Assets / (2.0 MB). Loaded Objects now: 6028.
Memory consumption went from 103.8 MB to 101.8 MB.
Total: 13.493100 ms (FindLiveObjects: 1.316500 ms CreateObjectMapping: 1.915000 ms MarkObjects: 8.408500 ms  DeleteObjects: 1.851400 ms)

Prepare: number of updated asset objects reloaded= 0
Editor requested this worker to shutdown with reason: Scaling down because of idle timeout
AssetImportWorkerClient::OnTransportError - code=2 error=End of file
AssetImportWorker is now disconnected from the server
Process exiting
Exiting without the bug reporter. Application will terminate with return code 0